2025-01-21 14:18:55.613 [info] Added views:outline in workbench.view.explorer
2025-01-21 14:18:55.613 [info] Added views:workbench.view.search in workbench.view.search
2025-01-21 14:18:55.613 [info] Added views:workbench.scm in workbench.view.scm
2025-01-21 14:18:55.613 [info] Added views:workbench.panel.markers.view in workbench.panel.markers
2025-01-21 14:18:55.613 [info] Added views:workbench.panel.output in workbench.panel.output
2025-01-21 14:18:55.613 [info] Added views:terminal in terminal
2025-01-21 14:18:55.613 [info] Added views:timeline in workbench.view.explorer
2025-01-21 14:18:55.613 [info] Added views:workbench.explorer.fileView in workbench.view.explorer
2025-01-21 14:18:56.157 [info] Added views:workbench.debug.variablesView,workbench.debug.watchExpressionsView,workbench.debug.callStackView,workbench.debug.breakPointsView in workbench.view.debug
2025-01-21 14:18:56.271 [info] Added views:workbench.panel.repl.view in workbench.panel.repl
2025-01-21 14:18:56.272 [info] Removed views:workbench.debug.breakPointsView,workbench.debug.callStackView,workbench.debug.watchExpressionsView,workbench.debug.variablesView from workbench.view.debug
2025-01-21 14:18:56.272 [info] Added views:workbench.debug.welcome in workbench.view.debug
2025-01-21 14:18:56.305 [info] Added views:~remote.forwardedPorts in ~remote.forwardedPortsContainer
2025-01-21 14:18:59.172 [info] Added views:workbench.scm.history in workbench.view.scm
2025-01-21 14:19:58.017 [info] Added views:workbench.views.extensions.installed,workbench.views.extensions.popular,extensions.recommendedList in workbench.view.extensions
2025-01-21 14:19:58.025 [info] Removed views:workbench.views.extensions.popular from workbench.view.extensions
2025-01-21 14:19:58.136 [info] Added views:workbench.views.extensions.popular in workbench.view.extensions
2025-01-21 14:20:36.733 [info] Removed views:workbench.scm.history from workbench.view.scm
2025-01-21 14:20:37.173 [info] Added views:outline in workbench.view.explorer
2025-01-21 14:20:37.174 [info] Added views:workbench.view.search in workbench.view.search
2025-01-21 14:20:37.174 [info] Added views:workbench.scm in workbench.view.scm
2025-01-21 14:20:37.174 [info] Added views:workbench.panel.markers.view in workbench.panel.markers
2025-01-21 14:20:37.174 [info] Added views:workbench.panel.output in workbench.panel.output
2025-01-21 14:20:37.174 [info] Added views:terminal in terminal
2025-01-21 14:20:37.174 [info] Added views:timeline in workbench.view.explorer
2025-01-21 14:20:37.174 [info] Added views:workbench.explorer.emptyView in workbench.view.explorer
2025-01-21 14:20:37.592 [info] Added views:workbench.debug.variablesView,workbench.debug.watchExpressionsView,workbench.debug.callStackView,workbench.debug.breakPointsView in workbench.view.debug
2025-01-21 14:20:37.622 [info] Added views:~remote.forwardedPorts in ~remote.forwardedPortsContainer
2025-01-21 14:20:37.830 [info] Added views:workbench.panel.repl.view in workbench.panel.repl
2025-01-21 14:20:37.831 [info] Removed views:workbench.debug.breakPointsView,workbench.debug.callStackView,workbench.debug.watchExpressionsView,workbench.debug.variablesView from workbench.view.debug
2025-01-21 14:20:37.831 [info] Added views:workbench.debug.welcome in workbench.view.debug
2025-01-21 14:20:49.784 [info] Added views:workbench.views.extensions.installed,workbench.views.extensions.popular,extensions.recommendedList in workbench.view.extensions
2025-01-21 14:20:49.788 [info] Removed views:workbench.views.extensions.popular from workbench.view.extensions
2025-01-21 14:20:49.885 [info] Added views:workbench.views.extensions.popular in workbench.view.extensions
2025-01-21 14:22:22.082 [info] Removed views:extensions.recommendedList,workbench.views.extensions.popular,workbench.views.extensions.installed from workbench.view.extensions
2025-01-21 14:22:22.089 [info] Added views:workbench.views.extensions.marketplace in workbench.view.extensions
2025-01-21 14:23:59.766 [info] Added views:supermaven-view in workbench.view.extension.supermaven-chat
