2025-01-21 14:18:59.172 [info] [main] Log level: Info
2025-01-21 14:18:59.172 [info] [main] Validating found git in: "git"
2025-01-21 14:18:59.172 [info] [main] Using git "2.45.2" from "git"
2025-01-21 14:18:59.172 [info] [Model][doInitialScan] Initial repository scan started
2025-01-21 14:18:59.172 [info] > git rev-parse --show-toplevel [11ms]
2025-01-21 14:18:59.172 [info] > git rev-parse --git-dir --git-common-dir [2ms]
2025-01-21 14:18:59.172 [info] [Model][openRepository] Opened repository: /home/zero/landing-page-template
2025-01-21 14:18:59.184 [info] > git rev-parse --show-toplevel [2ms]
2025-01-21 14:18:59.185 [info] > git config --get commit.template [9ms]
2025-01-21 14:18:59.213 [info] > git rev-parse --show-toplevel [20ms]
2025-01-21 14:18:59.213 [info] [Model][doInitialScan] Initial repository scan completed - repositories (1), closed repositories (0), parent repositories (0), unsafe repositories (0)
2025-01-21 14:18:59.224 [info] > git for-each-ref --format=%(refname)%00%(upstream:short)%00%(objectname)%00%(upstream:track)%00%(upstream:remotename)%00%(upstream:remoteref) refs/heads/main refs/remotes/main [12ms]
2025-01-21 14:18:59.235 [info] > git status -z -uall [5ms]
2025-01-21 14:18:59.236 [info] > git for-each-ref --sort -committerdate --format %(refname) %(objectname) %(*objectname) [1ms]
2025-01-21 14:18:59.257 [info] > git for-each-ref --format=%(refname)%00%(upstream:short)%00%(objectname)%00%(upstream:track)%00%(upstream:remotename)%00%(upstream:remoteref) refs/heads/main refs/remotes/main [10ms]
2025-01-21 14:18:59.263 [info] > git config --get commit.template [9ms]
2025-01-21 14:18:59.264 [info] > git config --local branch.main.vscode-merge-base [2ms]
2025-01-21 14:18:59.264 [warning] [Git][config] git config failed: Failed to execute git
2025-01-21 14:18:59.301 [info] > git for-each-ref --format=%(refname)%00%(upstream:short)%00%(objectname)%00%(upstream:track)%00%(upstream:remotename)%00%(upstream:remoteref) refs/heads/main refs/remotes/main [29ms]
2025-01-21 14:18:59.302 [info] > git reflog main --grep-reflog=branch: Created from *. [34ms]
2025-01-21 14:18:59.308 [info] > git symbolic-ref --short refs/remotes/origin/HEAD [3ms]
2025-01-21 14:18:59.318 [info] > git for-each-ref --format=%(refname)%00%(upstream:short)%00%(objectname)%00%(upstream:track)%00%(upstream:remotename)%00%(upstream:remoteref) refs/heads/origin/main refs/remotes/origin/main [3ms]
2025-01-21 14:18:59.337 [info] > git status -z -uall [5ms]
2025-01-21 14:18:59.337 [info] > git config --local branch.main.vscode-merge-base origin/main [12ms]
2025-01-21 14:18:59.338 [info] > git for-each-ref --sort -committerdate --format %(refname) %(objectname) %(*objectname) [2ms] (cancelled)
2025-01-21 14:18:59.354 [info] > git for-each-ref --format=%(refname)%00%(upstream:short)%00%(objectname)%00%(upstream:track)%00%(upstream:remotename)%00%(upstream:remoteref) refs/heads/main refs/remotes/main [11ms]
2025-01-21 14:18:59.362 [info] > git config --get commit.template [12ms]
2025-01-21 14:18:59.363 [info] > git config --local branch.main.vscode-merge-base [2ms]
2025-01-21 14:18:59.375 [info] > git for-each-ref --format=%(refname)%00%(upstream:short)%00%(objectname)%00%(upstream:track)%00%(upstream:remotename)%00%(upstream:remoteref) refs/heads/origin/main refs/remotes/origin/main [6ms]
2025-01-21 14:18:59.391 [info] > git merge-base refs/heads/main refs/remotes/origin/main [9ms]
2025-01-21 14:18:59.396 [info] > git for-each-ref --format=%(refname)%00%(upstream:short)%00%(objectname)%00%(upstream:track)%00%(upstream:remotename)%00%(upstream:remoteref) refs/heads/main refs/remotes/main [22ms]
2025-01-21 14:18:59.404 [info] > git status -z -uall [4ms]
2025-01-21 14:18:59.404 [info] > git diff --name-status -z --diff-filter=ADMR b87257c4b464a51d797bf02d793b7c6bbf132162...refs/remotes/origin/main [8ms]
2025-01-21 14:18:59.405 [info] > git for-each-ref --sort -committerdate --format %(refname) %(objectname) %(*objectname) [2ms]
2025-01-21 14:18:59.701 [info] > git check-ignore -v -z --stdin [2ms]
2025-01-21 14:19:00.425 [info] > git config --get commit.template [7ms]
2025-01-21 14:19:00.426 [info] > git for-each-ref --format=%(refname)%00%(upstream:short)%00%(objectname)%00%(upstream:track)%00%(upstream:remotename)%00%(upstream:remoteref) refs/heads/main refs/remotes/main [2ms]
2025-01-21 14:19:00.436 [info] > git status -z -uall [5ms]
2025-01-21 14:19:00.438 [info] > git for-each-ref --sort -committerdate --format %(refname) %(objectname) %(*objectname) [2ms]
2025-01-21 14:19:06.770 [info] > git show --textconv :index.html [10ms]
2025-01-21 14:19:06.771 [info] > git ls-files --stage -- /home/zero/landing-page-template/index.html [1ms]
2025-01-21 14:19:06.777 [info] > git cat-file -s 59dcef8db7fc090f865c73bbb68307c990e27e1a [1ms]
2025-01-21 14:19:08.183 [info] > git show --textconv :eslint.config.js [7ms]
2025-01-21 14:19:08.184 [info] > git ls-files --stage -- /home/zero/landing-page-template/eslint.config.js [2ms]
2025-01-21 14:19:08.194 [info] > git cat-file -s 82c2e20ccc2bae01b6589f5f391cb20f34db41fd [2ms]
2025-01-21 14:19:55.355 [info] > git log --format=%H%n%aN%n%aE%n%at%n%ct%n%P%n%D%n%B -z --shortstat --diff-merges=first-parent -n50 --skip=0 --topo-order --decorate=full --stdin [8ms]
2025-01-21 14:20:28.501 [info] > git log --format=%H%n%aN%n%aE%n%at%n%ct%n%P%n%D%n%B -z --shortstat --diff-merges=first-parent -n50 --skip=0 --topo-order --decorate=full --stdin [6ms]
2025-01-21 14:20:37.952 [info] [main] Log level: Info
2025-01-21 14:20:37.952 [info] [main] Validating found git in: "git"
2025-01-21 14:20:37.952 [info] [main] Using git "2.45.2" from "git"
2025-01-21 14:20:37.952 [info] [Model][doInitialScan] Initial repository scan started
2025-01-21 14:20:37.952 [info] [Model][doInitialScan] Initial repository scan completed - repositories (0), closed repositories (0), parent repositories (0), unsafe repositories (0)
