2025-01-21 14:24:36.492 [info] [main] Log level: Info
2025-01-21 14:24:36.492 [info] [main] Validating found git in: "git"
2025-01-21 14:24:36.492 [info] [main] Using git "2.45.2" from "git"
2025-01-21 14:24:36.492 [info] [Model][doInitialScan] Initial repository scan started
2025-01-21 14:24:36.492 [info] > git rev-parse --show-toplevel [8ms]
2025-01-21 14:24:36.492 [info] > git rev-parse --git-dir --git-common-dir [8ms]
2025-01-21 14:24:36.492 [info] [Model][openRepository] Opened repository: /home/zero/landing-page-template
2025-01-21 14:24:36.492 [info] > git rev-parse --show-toplevel [9ms]
2025-01-21 14:24:36.492 [info] > git config --get commit.template [26ms]
2025-01-21 14:24:36.497 [info] > git rev-parse --show-toplevel [93ms]
2025-01-21 14:24:36.498 [info] [Model][doInitialScan] Initial repository scan completed - repositories (1), closed repositories (0), parent repositories (0), unsafe repositories (0)
2025-01-21 14:24:36.501 [info] > git for-each-ref --format=%(refname)%00%(upstream:short)%00%(objectname)%00%(upstream:track)%00%(upstream:remotename)%00%(upstream:remoteref) refs/heads/main refs/remotes/main [10ms]
2025-01-21 14:24:36.530 [info] > git status -z -uall [16ms]
2025-01-21 14:24:36.531 [info] > git for-each-ref --sort -committerdate --format %(refname) %(objectname) %(*objectname) [3ms]
2025-01-21 14:24:36.570 [info] > git for-each-ref --format=%(refname)%00%(upstream:short)%00%(objectname)%00%(upstream:track)%00%(upstream:remotename)%00%(upstream:remoteref) refs/heads/main refs/remotes/main [19ms]
2025-01-21 14:24:36.593 [info] > git config --get commit.template [24ms]
2025-01-21 14:24:36.595 [info] > git config --local branch.main.vscode-merge-base [9ms]
2025-01-21 14:24:36.698 [info] > git for-each-ref --format=%(refname)%00%(upstream:short)%00%(objectname)%00%(upstream:track)%00%(upstream:remotename)%00%(upstream:remoteref) refs/heads/main refs/remotes/main [64ms]
2025-01-21 14:24:36.698 [info] > git for-each-ref --format=%(refname)%00%(upstream:short)%00%(objectname)%00%(upstream:track)%00%(upstream:remotename)%00%(upstream:remoteref) refs/heads/origin/main refs/remotes/origin/main [86ms]
2025-01-21 14:24:36.754 [info] > git merge-base refs/heads/main refs/remotes/origin/main [37ms]
2025-01-21 14:24:36.811 [info] > git show --textconv :eslint.config.js [24ms]
2025-01-21 14:24:36.811 [info] > git ls-files --stage -- /home/zero/landing-page-template/eslint.config.js [8ms]
2025-01-21 14:24:36.824 [info] > git diff --name-status -z --diff-filter=ADMR b87257c4b464a51d797bf02d793b7c6bbf132162...refs/remotes/origin/main [54ms]
2025-01-21 14:24:36.849 [info] > git status -z -uall [12ms]
2025-01-21 14:24:36.850 [info] > git cat-file -s 82c2e20ccc2bae01b6589f5f391cb20f34db41fd [28ms]
2025-01-21 14:24:36.853 [info] > git for-each-ref --sort -committerdate --format %(refname) %(objectname) %(*objectname) [5ms]
2025-01-21 14:24:36.900 [info] > git blame --root --incremental b87257c4b464a51d797bf02d793b7c6bbf132162 -- /home/zero/landing-page-template/eslint.config.js [12ms]
2025-01-21 14:24:36.902 [info] > git check-ignore -v -z --stdin [4ms]
2025-01-21 14:25:29.354 [info] > git check-ignore -v -z --stdin [3ms]
2025-01-21 14:25:30.322 [info] > git check-ignore -v -z --stdin [1ms]
2025-01-21 14:25:33.990 [info] > git show --textconv :src/App.tsx [21ms]
2025-01-21 14:25:33.994 [info] > git ls-files --stage -- /home/zero/landing-page-template/src/App.tsx [8ms]
2025-01-21 14:25:34.010 [info] > git cat-file -s 50a9bc03bc9e510d116d165ebf346d116e56d716 [3ms]
