2025-01-21 14:18:56.258 [info] Extension host with pid 21197 started
2025-01-21 14:18:56.258 [info] Skipping acquiring lock for /home/zero/.config/VSCodium/User/workspaceStorage/17c591e05429169f9a97efb009df918a.
2025-01-21 14:18:56.275 [info] ExtensionService#_doActivateExtension vscode.git-base, startup: true, activationEvent: '*'
2025-01-21 14:18:56.281 [info] ExtensionService#_doActivateExtension vscode.npm, startup: true, activationEvent: 'workspaceContains:package.json'
2025-01-21 14:18:56.382 [info] ExtensionService#_doActivateExtension vscode.github, startup: true, activationEvent: '*'
2025-01-21 14:18:56.421 [info] Eager extensions activated
2025-01-21 14:18:56.437 [info] ExtensionService#_doActivateExtension vscode.debug-auto-launch, startup: false, activationEvent: 'onStartupFinished'
2025-01-21 14:18:56.440 [info] ExtensionService#_doActivateExtension vscode.merge-conflict, startup: false, activationEvent: 'onStartupFinished'
2025-01-21 14:18:59.041 [info] ExtensionService#_doActivateExtension vscode.git, startup: false, activationEvent: 'api', root cause: vscode.github
2025-01-21 14:18:59.194 [info] ExtensionService#_doActivateExtension vscode.emmet, startup: false, activationEvent: 'onLanguage'
2025-01-21 14:18:59.272 [info] ExtensionService#_doActivateExtension vscode.github-authentication, startup: false, activationEvent: 'onAuthenticationRequest:github'
2025-01-21 14:19:01.461 [info] ExtensionService#_doActivateExtension vscode.configuration-editing, startup: false, activationEvent: 'onLanguage:json'
2025-01-21 14:19:01.476 [info] ExtensionService#_doActivateExtension vscode.extension-editing, startup: false, activationEvent: 'onLanguage:json'
2025-01-21 14:19:01.490 [info] ExtensionService#_doActivateExtension vscode.json-language-features, startup: false, activationEvent: 'onLanguage:json'
2025-01-21 14:19:06.571 [info] ExtensionService#_doActivateExtension vscode.html-language-features, startup: false, activationEvent: 'onLanguage:html'
2025-01-21 14:19:08.045 [info] ExtensionService#_doActivateExtension vscode.typescript-language-features, startup: false, activationEvent: 'onLanguage:javascript'
2025-01-21 14:20:36.702 [info] Extension host terminating: renderer closed the MessagePort
2025-01-21 14:20:36.716 [error] Canceled: Canceled
	at new D3 (file:///snap/codium/440/usr/share/codium/resources/app/out/vs/workbench/api/node/extensionHostProcess.js:32:118193)
	at Py._remoteCall (file:///snap/codium/440/usr/share/codium/resources/app/out/vs/workbench/api/node/extensionHostProcess.js:32:124487)
	at s.<computed>.n.charCodeAt.s.<computed> (file:///snap/codium/440/usr/share/codium/resources/app/out/vs/workbench/api/node/extensionHostProcess.js:32:121246)
	at l0._doExecuteCommand (file:///snap/codium/440/usr/share/codium/resources/app/out/vs/workbench/api/node/extensionHostProcess.js:115:38451)
	at l0.executeCommand (file:///snap/codium/440/usr/share/codium/resources/app/out/vs/workbench/api/node/extensionHostProcess.js:115:37890)
	at r.registerCommand.description (file:///snap/codium/440/usr/share/codium/resources/app/out/vs/workbench/api/node/extensionHostProcess.js:115:37154)
	at l0._executeContributedCommand (file:///snap/codium/440/usr/share/codium/resources/app/out/vs/workbench/api/node/extensionHostProcess.js:115:39020)
	at l0._doExecuteCommand (file:///snap/codium/440/usr/share/codium/resources/app/out/vs/workbench/api/node/extensionHostProcess.js:115:38023)
	at l0.executeCommand (file:///snap/codium/440/usr/share/codium/resources/app/out/vs/workbench/api/node/extensionHostProcess.js:115:37890)
	at Object.executeCommand (file:///snap/codium/440/usr/share/codium/resources/app/out/vs/workbench/api/node/extensionHostProcess.js:157:42391)
	at xh.L [as value] (/snap/codium/440/usr/share/codium/resources/app/extensions/git/dist/main.js:2:975661)
	at I._deliver (file:///snap/codium/440/usr/share/codium/resources/app/out/vs/workbench/api/node/extensionHostProcess.js:30:922)
	at I._deliverQueue (file:///snap/codium/440/usr/share/codium/resources/app/out/vs/workbench/api/node/extensionHostProcess.js:30:1013)
	at I.fire (file:///snap/codium/440/usr/share/codium/resources/app/out/vs/workbench/api/node/extensionHostProcess.js:30:1349)
	at Object.p [as dispose] (/snap/codium/440/usr/share/codium/resources/app/extensions/git/dist/main.js:2:997218)
	at /snap/codium/440/usr/share/codium/resources/app/extensions/git/dist/main.js:2:1003340
	at Array.forEach (<anonymous>)
	at b.dispose (/snap/codium/440/usr/share/codium/resources/app/extensions/git/dist/main.js:2:1003326)
	at e1.<anonymous> (file:///snap/codium/440/usr/share/codium/resources/app/out/vs/workbench/api/node/extensionHostProcess.js:109:21508)
	at e1.dispose (file:///snap/codium/440/usr/share/codium/resources/app/out/vs/workbench/api/node/extensionHostProcess.js:109:21604)
	at e1.<anonymous> (/snap/codium/440/usr/share/codium/resources/app/extensions/git/dist/main.js:2:978140)
	at e1.dispose (file:///snap/codium/440/usr/share/codium/resources/app/out/vs/workbench/api/node/extensionHostProcess.js:109:21604)
	at ai (file:///snap/codium/440/usr/share/codium/resources/app/out/vs/workbench/api/node/extensionHostProcess.js:25:699)
	at file:///snap/codium/440/usr/share/codium/resources/app/out/vs/workbench/api/node/extensionHostProcess.js:119:18392
	at file:///snap/codium/440/usr/share/codium/resources/app/out/vs/workbench/api/node/extensionHostProcess.js:25:1009
	at Object.dispose (file:///snap/codium/440/usr/share/codium/resources/app/out/vs/workbench/api/node/extensionHostProcess.js:8:705)
	at VV._deactivate (file:///snap/codium/440/usr/share/codium/resources/app/out/vs/workbench/api/node/extensionHostProcess.js:119:14727)
	at file:///snap/codium/440/usr/share/codium/resources/app/out/vs/workbench/api/node/extensionHostProcess.js:119:12013
	at Array.map (<anonymous>)
	at VV._deactivateAll (file:///snap/codium/440/usr/share/codium/resources/app/out/vs/workbench/api/node/extensionHostProcess.js:119:12001)
	at VV.terminate (file:///snap/codium/440/usr/share/codium/resources/app/out/vs/workbench/api/node/extensionHostProcess.js:119:12354)
	at XT.terminate (file:///snap/codium/440/usr/share/codium/resources/app/out/vs/workbench/api/node/extensionHostProcess.js:120:1592)
	at Zi (file:///snap/codium/440/usr/share/codium/resources/app/out/vs/workbench/api/node/extensionHostProcess.js:175:16313)
	at MessagePortMain.<anonymous> (file:///snap/codium/440/usr/share/codium/resources/app/out/vs/workbench/api/node/extensionHostProcess.js:175:12769)
	at MessagePortMain.emit (node:events:518:28)
	at MessagePortMain._internalPort.emit (node:electron/js2c/utility_init:2:2949) setContext undefined
2025-01-21 14:20:36.717 [error] Canceled: Canceled
	at new D3 (file:///snap/codium/440/usr/share/codium/resources/app/out/vs/workbench/api/node/extensionHostProcess.js:32:118193)
	at Py._remoteCall (file:///snap/codium/440/usr/share/codium/resources/app/out/vs/workbench/api/node/extensionHostProcess.js:32:124487)
	at s.<computed>.n.charCodeAt.s.<computed> (file:///snap/codium/440/usr/share/codium/resources/app/out/vs/workbench/api/node/extensionHostProcess.js:32:121246)
	at l0._doExecuteCommand (file:///snap/codium/440/usr/share/codium/resources/app/out/vs/workbench/api/node/extensionHostProcess.js:115:38451)
	at l0.executeCommand (file:///snap/codium/440/usr/share/codium/resources/app/out/vs/workbench/api/node/extensionHostProcess.js:115:37890)
	at r.registerCommand.description (file:///snap/codium/440/usr/share/codium/resources/app/out/vs/workbench/api/node/extensionHostProcess.js:115:37154)
	at l0._executeContributedCommand (file:///snap/codium/440/usr/share/codium/resources/app/out/vs/workbench/api/node/extensionHostProcess.js:115:39020)
	at l0._doExecuteCommand (file:///snap/codium/440/usr/share/codium/resources/app/out/vs/workbench/api/node/extensionHostProcess.js:115:38023)
	at l0.executeCommand (file:///snap/codium/440/usr/share/codium/resources/app/out/vs/workbench/api/node/extensionHostProcess.js:115:37890)
	at Object.executeCommand (file:///snap/codium/440/usr/share/codium/resources/app/out/vs/workbench/api/node/extensionHostProcess.js:157:42391)
	at set hasGitHubRepositories (/snap/codium/440/usr/share/codium/resources/app/extensions/github/dist/extension.js:2:328582)
	at /snap/codium/440/usr/share/codium/resources/app/extensions/github/dist/extension.js:2:329541
	at xh.value (/snap/codium/440/usr/share/codium/resources/app/extensions/git/dist/main.js:2:1088522)
	at I._deliver (file:///snap/codium/440/usr/share/codium/resources/app/out/vs/workbench/api/node/extensionHostProcess.js:30:922)
	at I._deliverQueue (file:///snap/codium/440/usr/share/codium/resources/app/out/vs/workbench/api/node/extensionHostProcess.js:30:1013)
	at I.fire (file:///snap/codium/440/usr/share/codium/resources/app/out/vs/workbench/api/node/extensionHostProcess.js:30:1349)
	at Object.p [as dispose] (/snap/codium/440/usr/share/codium/resources/app/extensions/git/dist/main.js:2:997218)
	at /snap/codium/440/usr/share/codium/resources/app/extensions/git/dist/main.js:2:1003340
	at Array.forEach (<anonymous>)
	at b.dispose (/snap/codium/440/usr/share/codium/resources/app/extensions/git/dist/main.js:2:1003326)
	at e1.<anonymous> (file:///snap/codium/440/usr/share/codium/resources/app/out/vs/workbench/api/node/extensionHostProcess.js:109:21508)
	at e1.dispose (file:///snap/codium/440/usr/share/codium/resources/app/out/vs/workbench/api/node/extensionHostProcess.js:109:21604)
	at e1.<anonymous> (/snap/codium/440/usr/share/codium/resources/app/extensions/git/dist/main.js:2:978140)
	at e1.dispose (file:///snap/codium/440/usr/share/codium/resources/app/out/vs/workbench/api/node/extensionHostProcess.js:109:21604)
	at ai (file:///snap/codium/440/usr/share/codium/resources/app/out/vs/workbench/api/node/extensionHostProcess.js:25:699)
	at file:///snap/codium/440/usr/share/codium/resources/app/out/vs/workbench/api/node/extensionHostProcess.js:119:18392
	at file:///snap/codium/440/usr/share/codium/resources/app/out/vs/workbench/api/node/extensionHostProcess.js:25:1009
	at Object.dispose (file:///snap/codium/440/usr/share/codium/resources/app/out/vs/workbench/api/node/extensionHostProcess.js:8:705)
	at VV._deactivate (file:///snap/codium/440/usr/share/codium/resources/app/out/vs/workbench/api/node/extensionHostProcess.js:119:14727)
	at file:///snap/codium/440/usr/share/codium/resources/app/out/vs/workbench/api/node/extensionHostProcess.js:119:12013
	at Array.map (<anonymous>)
	at VV._deactivateAll (file:///snap/codium/440/usr/share/codium/resources/app/out/vs/workbench/api/node/extensionHostProcess.js:119:12001)
	at VV.terminate (file:///snap/codium/440/usr/share/codium/resources/app/out/vs/workbench/api/node/extensionHostProcess.js:119:12354)
	at XT.terminate (file:///snap/codium/440/usr/share/codium/resources/app/out/vs/workbench/api/node/extensionHostProcess.js:120:1592)
	at Zi (file:///snap/codium/440/usr/share/codium/resources/app/out/vs/workbench/api/node/extensionHostProcess.js:175:16313)
	at MessagePortMain.<anonymous> (file:///snap/codium/440/usr/share/codium/resources/app/out/vs/workbench/api/node/extensionHostProcess.js:175:12769)
	at MessagePortMain.emit (node:events:518:28)
	at MessagePortMain._internalPort.emit (node:electron/js2c/utility_init:2:2949) setContext undefined
2025-01-21 14:20:36.720 [info] Extension host with pid 21197 exiting with code 0
2025-01-21 14:20:37.774 [info] Extension host with pid 21838 started
2025-01-21 14:20:37.832 [info] ExtensionService#_doActivateExtension vscode.git-base, startup: true, activationEvent: '*', root cause: vscode.git
2025-01-21 14:20:37.839 [info] ExtensionService#_doActivateExtension vscode.git, startup: true, activationEvent: '*'
2025-01-21 14:20:37.890 [info] ExtensionService#_doActivateExtension vscode.github, startup: true, activationEvent: '*'
2025-01-21 14:20:37.946 [info] Eager extensions activated
2025-01-21 14:20:37.955 [info] ExtensionService#_doActivateExtension vscode.debug-auto-launch, startup: false, activationEvent: 'onStartupFinished'
2025-01-21 14:20:37.957 [info] ExtensionService#_doActivateExtension vscode.merge-conflict, startup: false, activationEvent: 'onStartupFinished'
2025-01-21 14:20:42.477 [info] ExtensionService#_doActivateExtension vscode.configuration-editing, startup: false, activationEvent: 'onLanguage:jsonc'
2025-01-21 14:20:42.488 [info] ExtensionService#_doActivateExtension vscode.json-language-features, startup: false, activationEvent: 'onLanguage:jsonc'
2025-01-21 14:20:42.536 [info] ExtensionService#_doActivateExtension vscode.typescript-language-features, startup: false, activationEvent: 'onLanguage:jsonc'
2025-01-21 14:20:42.578 [info] ExtensionService#_doActivateExtension vscode.emmet, startup: false, activationEvent: 'onLanguage'
2025-01-21 14:22:16.049 [info] ExtensionService#_doActivateExtension vscode.npm, startup: false, activationEvent: 'onTerminalQuickFixRequest:ms-vscode.npm-command'
2025-01-21 14:23:59.843 [info] ExtensionService#_doActivateExtension Supermaven.supermaven, startup: false, activationEvent: 'onStartupFinished'
